2022.06.13 20:35:35 INFO  tracing is disabled for protocol LSP, to enable tracing of incoming and outgoing JSON messages create an empty file at /home/han/play-taskList/play-scala-seed/.metals/lsp.trace.json or /home/han/.cache/metals/lsp.trace.json[0m
2022.06.13 20:35:35 INFO  logging to file /home/han/play-taskList/play-scala-seed/.metals/metals.log[0m
2022.06.13 20:35:35 INFO  Started: Metals version 0.11.6 in workspace '/home/han/play-taskList/play-scala-seed' for client Visual Studio Code 1.67.2.[0m
2022.06.13 20:35:36 INFO  time: initialize in 0.63s[0m
2022.06.13 20:35:36 WARN  Flyway upgrade recommended: H2 2.1.212 is newer than this version of Flyway and support has not been tested. The latest supported version of H2 is 2.1.210.[0m
2022.06.13 20:35:36 WARN  Build server is not auto-connectable.[0m
2022.06.13 20:35:37 WARN  no build target for: /home/han/play-taskList/play-scala-seed/build.sbt[0m
2022.06.13 20:35:38 INFO  no build target found for /home/han/play-taskList/play-scala-seed/build.sbt. Using presentation compiler with project's scala-library version: 3.1.2[0m
2022.06.13 20:35:40 INFO  time: code lens generation in 2.31s[0m
2022.06.13 20:35:40 INFO  running '/usr/lib/jvm/java-1.8.0-openjdk-amd64/bin/java -Djline.terminal=jline.UnsupportedTerminal -Dsbt.log.noformat=true -Dfile.encoding=UTF-8 -jar /tmp/metals3741630445789067171/sbt-launch.jar -Dbloop.export-jar-classifiers=sources bloopInstall'[0m
2022.06.13 20:35:40 WARN  no build target for: /home/han/play-taskList/play-scala-seed/project/metals.sbt[0m
2022.06.13 20:35:40 WARN  no build target for: /home/han/play-taskList/play-scala-seed/project/project/metals.sbt[0m
2022.06.13 20:35:40 INFO  skipping build import with status 'Started'[0m
2022.06.13 20:35:41 INFO  [info] welcome to sbt 1.6.2 (Private Build Java 1.8.0_312)[0m
2022.06.13 20:35:43 INFO  [info] loading settings for project play-scala-seed-build-build-build from metals.sbt ...[0m
2022.06.13 20:35:43 WARN  no build target for: /home/han/play-taskList/play-scala-seed/app/controllers/HomeController.scala[0m
2022.06.13 20:35:43 INFO  [info] loading project definition from /home/han/play-taskList/play-scala-seed/project/project/project[0m
2022.06.13 20:35:46 INFO  [info] loading settings for project play-scala-seed-build-build from metals.sbt ...[0m
2022.06.13 20:35:46 INFO  [info] loading project definition from /home/han/play-taskList/play-scala-seed/project/project[0m
2022.06.13 20:35:47 INFO  [success] Generated .bloop/play-scala-seed-build-build.json[0m
2022.06.13 20:35:47 INFO  [success] Total time: 1 s, completed Jun 13, 2022 8:35:47 PM[0m
2022.06.13 20:35:47 INFO  [info] loading settings for project play-scala-seed-build from metals.sbt,plugins.sbt ...[0m
2022.06.13 20:35:47 INFO  [info] loading project definition from /home/han/play-taskList/play-scala-seed/project[0m
2022.06.13 20:35:50 INFO  [success] Generated .bloop/play-scala-seed-build.json[0m
2022.06.13 20:35:50 INFO  [success] Total time: 2 s, completed Jun 13, 2022 8:35:50 PM[0m
2022.06.13 20:35:53 INFO  [info] loading settings for project root from build.sbt ...[0m
2022.06.13 20:35:53 INFO  [info]   __              __[0m
2022.06.13 20:35:53 INFO  [info]   \ \     ____   / /____ _ __  __[0m
2022.06.13 20:35:53 INFO  [info]    \ \   / __ \ / // __ `// / / /[0m
2022.06.13 20:35:53 INFO  [info]    / /  / /_/ // // /_/ // /_/ /[0m
2022.06.13 20:35:53 INFO  [info]   /_/  / .___//_/ \__,_/ \__, /[0m
2022.06.13 20:35:53 INFO  [info]       /_/               /____/[0m
2022.06.13 20:35:53 INFO  [info] [0m
2022.06.13 20:35:53 INFO  [info] Version 2.8.16 running Java 1.8.0_312[0m
2022.06.13 20:35:53 INFO  [info] [0m
2022.06.13 20:35:53 INFO  [info] Play is run entirely by the community. Please consider contributing and/or donating:[0m
2022.06.13 20:35:53 INFO  [info] https://www.playframework.com/sponsors[0m
2022.06.13 20:35:53 INFO  [info] [0m
2022.06.13 20:35:55 INFO  [success] Generated .bloop/root-test.json[0m
2022.06.13 20:35:55 INFO  [success] Generated .bloop/root.json[0m
2022.06.13 20:35:55 INFO  [success] Total time: 1 s, completed Jun 13, 2022 8:35:55 PM[0m
2022.06.13 20:35:55 INFO  time: ran 'sbt bloopInstall' in 15s[0m
2022.06.13 20:35:55 INFO  Attempting to connect to the build server...[0m
2022.06.13 20:35:55 INFO  tracing is disabled for protocol BSP, to enable tracing of incoming and outgoing JSON messages create an empty file at /home/han/play-taskList/play-scala-seed/.metals/bsp.trace.json or /home/han/.cache/metals/bsp.trace.json[0m
2022.06.13 20:35:55 INFO  Attempting to connect to the build server...[0m
2022.06.13 20:35:55 INFO  Attempting to connect to the build server...[0m
2022.06.13 20:35:55 INFO  tracing is disabled for protocol BSP, to enable tracing of incoming and outgoing JSON messages create an empty file at /home/han/play-taskList/play-scala-seed/project/project/.metals/bsp.trace.json or /home/han/.cache/metals/bsp.trace.json[0m
2022.06.13 20:35:55 INFO  tracing is disabled for protocol BSP, to enable tracing of incoming and outgoing JSON messages create an empty file at /home/han/play-taskList/play-scala-seed/project/.metals/bsp.trace.json or /home/han/.cache/metals/bsp.trace.json[0m
2022.06.13 20:35:55 INFO  time: Connected to build server in 0.33s[0m
2022.06.13 20:35:55 INFO  Connected to Build server: Bloop v1.5.0-18-003e6c7b[0m
2022.06.13 20:35:57 WARN  Could not find java sources in /usr/lib/jvm/src.zip, /usr/lib/jvm/lib/src.zip, /usr/lib/jvm/java-1.8.0-openjdk-amd64/src.zip, /usr/lib/jvm/java-1.8.0-openjdk-amd64/lib/src.zip. Java symbols will not be available.[0m
2022.06.13 20:36:00 WARN  Could not find java sources in /usr/lib/jvm/src.zip, /usr/lib/jvm/lib/src.zip, /usr/lib/jvm/java-1.8.0-openjdk-amd64/src.zip, /usr/lib/jvm/java-1.8.0-openjdk-amd64/lib/src.zip. Java symbols will not be available.[0m
2022.06.13 20:36:00 INFO  time: indexed workspace in 4.47s[0m
2022.06.13 20:36:01 INFO  compiling root (7 scala sources and 1 java source)[0m
2022.06.13 20:36:04 INFO  compiling root-test (1 scala source)[0m
2022.06.13 20:36:04 INFO  time: compiled root in 3.29s[0m
2022.06.13 20:36:04 INFO  time: compiled root-test in 0.67s[0m
Jun 13, 2022 8:38:44 PM org.eclipse.lsp4j.jsonrpc.RemoteEndpoint handleCancellation
WARNING: Unmatched cancel notification for request id 36
2022.06.13 20:39:19 INFO  compiling root (1 scala source)[0m
2022.06.13 20:39:19 INFO  time: compiled root in 0.37s[0m
Jun 13, 2022 8:39:39 PM org.eclipse.lsp4j.jsonrpc.services.GenericEndpoint notify
INFO: Unsupported notification method: $/setTrace
Jun 13, 2022 8:40:14 PM org.eclipse.lsp4j.jsonrpc.RemoteEndpoint handleCancellation
WARNING: Unmatched cancel notification for request id 113
Jun 13, 2022 8:40:14 PM org.eclipse.lsp4j.jsonrpc.RemoteEndpoint handleCancellation
WARNING: Unmatched cancel notification for request id 112
2022.06.13 20:40:21 INFO  compiling root (1 scala source)[0m
2022.06.13 20:40:21 INFO  time: compiled root in 0.13s[0m
2022.06.13 20:40:34 INFO  compiling root (1 scala source)[0m
2022.06.13 20:40:34 INFO  time: compiled root in 0.46s[0m
2022.06.13 20:40:42 INFO  compiling root (1 scala source)[0m
2022.06.13 20:40:42 INFO  time: compiled root in 80ms[0m
2022.06.13 20:41:01 INFO  compiling root (1 scala source)[0m
2022.06.13 20:41:01 INFO  time: compiled root in 0.39s[0m
2022.06.13 20:41:09 INFO  compiling root (1 scala source)[0m
2022.06.13 20:41:09 INFO  time: compiled root in 0.43s[0m
Jun 13, 2022 8:41:24 PM org.eclipse.lsp4j.jsonrpc.RemoteEndpoint handleCancellation
WARNING: Unmatched cancel notification for request id 247
2022.06.13 20:41:43 INFO  compiling root (1 scala source)[0m
2022.06.13 20:41:43 INFO  time: compiled root in 0.1s[0m
2022.06.13 20:41:45 INFO  compiling root (1 scala source)[0m
2022.06.13 20:41:45 INFO  time: compiled root in 0.49s[0m
2022.06.13 20:42:57 INFO  compiling root (3 scala sources and 1 java source)[0m
2022.06.13 20:42:58 INFO  time: compiled root in 1.27s[0m
2022.06.13 20:43:23 INFO  compiling root (1 scala source)[0m
2022.06.13 20:43:23 INFO  time: compiled root in 96ms[0m
2022.06.13 20:43:29 INFO  compiling root (1 scala source)[0m
2022.06.13 20:43:29 INFO  time: compiled root in 0.46s[0m
2022.06.13 20:43:29 INFO  compiling root (1 scala source)[0m
2022.06.13 20:43:29 INFO  time: compiled root in 0.11s[0m
2022.06.13 20:43:35 INFO  compiling root (1 scala source)[0m
2022.06.13 20:43:35 INFO  time: compiled root in 72ms[0m
2022.06.13 20:43:41 INFO  compiling root (1 scala source)[0m
2022.06.13 20:43:41 INFO  time: compiled root in 73ms[0m
2022.06.13 20:43:50 INFO  compiling root (1 scala source)[0m
2022.06.13 20:43:50 INFO  time: compiled root in 0.53s[0m
2022.06.13 20:51:32 INFO  compiling root (1 scala source)[0m
2022.06.13 20:51:32 INFO  time: compiled root in 0.28s[0m
2022.06.13 20:51:59 INFO  compiling root (1 scala source)[0m
2022.06.13 20:51:59 INFO  time: compiled root in 0.2s[0m
2022.06.13 20:52:13 INFO  compiling root (1 scala source)[0m
2022.06.13 20:52:13 INFO  time: compiled root in 65ms[0m
2022.06.13 20:59:49 INFO  compiling root (1 scala source)[0m
2022.06.13 20:59:49 INFO  time: compiled root in 0.1s[0m
2022.06.13 21:00:09 INFO  compiling root (1 scala source)[0m
2022.06.13 21:00:09 INFO  time: compiled root in 81ms[0m
2022.06.13 21:00:30 INFO  compiling root (1 scala source)[0m
2022.06.13 21:00:30 INFO  time: compiled root in 67ms[0m
2022.06.13 21:00:41 INFO  compiling root (1 scala source)[0m
2022.06.13 21:00:41 INFO  time: compiled root in 76ms[0m
2022.06.13 21:00:46 INFO  compiling root (1 scala source)[0m
2022.06.13 21:00:46 INFO  time: compiled root in 68ms[0m
2022.06.13 21:00:50 INFO  compiling root (1 scala source)[0m
2022.06.13 21:00:50 INFO  time: compiled root in 92ms[0m
2022.06.13 21:00:56 INFO  compiling root (1 scala source)[0m
2022.06.13 21:00:56 INFO  time: compiled root in 68ms[0m
2022.06.13 21:01:00 INFO  compiling root (1 scala source)[0m
2022.06.13 21:01:00 INFO  time: compiled root in 63ms[0m
2022.06.13 21:01:00 INFO  compiling root (1 scala source)[0m
2022.06.13 21:01:00 INFO  time: compiled root in 20ms[0m
2022.06.13 21:01:00 INFO  compiling root (1 scala source)[0m
2022.06.13 21:01:00 INFO  time: compiled root in 21ms[0m
2022.06.13 21:01:17 INFO  compiling root (2 scala sources)[0m
2022.06.13 21:01:17 INFO  time: compiled root in 0.65s[0m
2022.06.13 21:01:31 INFO  compiling root (1 scala source)[0m
2022.06.13 21:01:31 INFO  time: compiled root in 92ms[0m
2022.06.13 21:01:31 INFO  compiling root (1 scala source)[0m
2022.06.13 21:01:31 INFO  time: compiled root in 13ms[0m
2022.06.13 21:01:32 INFO  compiling root (1 scala source)[0m
2022.06.13 21:01:32 INFO  time: compiled root in 57ms[0m
2022.06.13 21:01:34 INFO  compiling root (1 scala source)[0m
2022.06.13 21:01:34 INFO  time: compiled root in 59ms[0m
2022.06.13 21:01:44 INFO  compiling root (2 scala sources)[0m
Jun 13, 2022 9:01:44 PM org.eclipse.lsp4j.jsonrpc.RemoteEndpoint fallbackResponseError
SEVERE: Internal error: scala.meta.internal.metals.debug.DebugProvider$WorkspaceErrorsException$: Cannot run class, since the workspace has errors.
java.util.concurrent.CompletionException: scala.meta.internal.metals.debug.DebugProvider$WorkspaceErrorsException$: Cannot run class, since the workspace has errors.
	at java.util.concurrent.CompletableFuture.encodeThrowable(CompletableFuture.java:292)
	at java.util.concurrent.CompletableFuture.completeThrowable(CompletableFuture.java:308)
	at java.util.concurrent.CompletableFuture.uniAccept(CompletableFuture.java:661)
	at java.util.concurrent.CompletableFuture$UniAccept.tryFire(CompletableFuture.java:646)
	at java.util.concurrent.CompletableFuture.uniAcceptStage(CompletableFuture.java:686)
	at java.util.concurrent.CompletableFuture.thenAcceptAsync(CompletableFuture.java:2014)
	at scala.concurrent.java8.FuturesConvertersImpl$CF.thenAccept(FutureConvertersImpl.scala:37)
	at org.eclipse.lsp4j.jsonrpc.RemoteEndpoint.handleRequest(RemoteEndpoint.java:279)
	at org.eclipse.lsp4j.jsonrpc.RemoteEndpoint.consume(RemoteEndpoint.java:190)
	at org.eclipse.lsp4j.jsonrpc.json.StreamMessageProducer.handleMessage(StreamMessageProducer.java:194)
	at org.eclipse.lsp4j.jsonrpc.json.StreamMessageProducer.listen(StreamMessageProducer.java:94)
	at org.eclipse.lsp4j.jsonrpc.json.ConcurrentMessageProcessor.run(ConcurrentMessageProcessor.java:113)
	at java.util.concurrent.Executors$RunnableAdapter.call(Executors.java:511)
	at java.util.concurrent.FutureTask.run(FutureTask.java:266)
	at java.util.concurrent.ThreadPoolExecutor.runWorker(ThreadPoolExecutor.java:1149)
	at java.util.concurrent.ThreadPoolExecutor$Worker.run(ThreadPoolExecutor.java:624)
	at java.lang.Thread.run(Thread.java:748)
Caused by: scala.meta.internal.metals.debug.DebugProvider$WorkspaceErrorsException$: Cannot run class, since the workspace has errors.
	at scala.meta.internal.metals.debug.DebugProvider$WorkspaceErrorsException$.<clinit>(DebugProvider.scala:841)
	at scala.meta.internal.metals.debug.DebugProvider.debugDiscovery(DebugProvider.scala:396)
	at scala.meta.internal.metals.MetalsLanguageServer.executeCommand(MetalsLanguageServer.scala:1863)
	at sun.reflect.NativeMethodAccessorImpl.invoke0(Native Method)
	at sun.reflect.NativeMethodAccessorImpl.invoke(NativeMethodAccessorImpl.java:62)
	at sun.reflect.DelegatingMethodAccessorImpl.invoke(DelegatingMethodAccessorImpl.java:43)
	at java.lang.reflect.Method.invoke(Method.java:498)
	at org.eclipse.lsp4j.jsonrpc.services.GenericEndpoint.lambda$null$0(GenericEndpoint.java:65)
	at org.eclipse.lsp4j.jsonrpc.services.GenericEndpoint.request(GenericEndpoint.java:120)
	at org.eclipse.lsp4j.jsonrpc.RemoteEndpoint.handleRequest(RemoteEndpoint.java:261)
	... 9 more

2022.06.13 21:01:44 INFO  time: compiled root in 73ms[0m
2022.06.13 21:03:17 INFO  compiling root (1 scala source)[0m
2022.06.13 21:03:17 INFO  time: compiled root in 0.72s[0m
2022.06.13 21:03:26 INFO  compiling root (1 scala source)[0m
2022.06.13 21:03:26 INFO  time: compiled root in 62ms[0m
2022.06.13 21:03:36 INFO  file:///home/han/play-taskList/play-scala-seed/app/controllers/TaskList1.scala:14:3: stale bloop error: '=' expected but '}' found.
  }
  ^[0m
2022.06.13 21:03:36 INFO  file:///home/han/play-taskList/play-scala-seed/app/controllers/TaskList1.scala:14:3: stale bloop error: '=' expected but '}' found.
  }
  ^[0m
2022.06.13 21:03:56 INFO  compiling root (1 scala source)[0m
2022.06.13 21:03:56 INFO  time: compiled root in 0.54s[0m
2022.06.13 21:04:02 INFO  compiling root (1 scala source)[0m
2022.06.13 21:04:02 INFO  time: compiled root in 0.56s[0m
2022.06.13 21:05:29 INFO  compiling root (1 scala source)[0m
2022.06.13 21:05:29 INFO  time: compiled root in 0.62s[0m
2022.06.13 21:05:52 INFO  compiling root (1 scala source)[0m
2022.06.13 21:05:52 INFO  time: compiled root in 0.56s[0m
2022.06.13 21:06:21 INFO  compiling root (1 scala source)[0m
2022.06.13 21:06:21 INFO  time: compiled root in 0.65s[0m
2022.06.13 21:09:02 INFO  compiling root (1 scala source)[0m
2022.06.13 21:09:02 INFO  time: compiled root in 0.55s[0m
2022.06.13 21:09:10 INFO  compiling root (1 scala source)[0m
2022.06.13 21:09:10 INFO  time: compiled root in 93ms[0m
2022.06.13 21:09:50 INFO  file:///home/han/play-taskList/play-scala-seed/app/controllers/HomeController.scala:25:49: stale bloop error: overloaded method apply with alternatives:
  (block: => play.api.mvc.Result)play.api.mvc.Action[play.api.mvc.AnyContent] <and>
  (block: play.api.mvc.Request[play.api.mvc.AnyContent] => play.api.mvc.Result)play.api.mvc.Action[play.api.mvc.AnyContent] <and>
  [A](bodyParser: play.api.mvc.BodyParser[A]): play.api.mvc.ActionBuilder[play.api.mvc.Request,A]
 cannot be applied to (Unit)
  def product (prodType: String, proNum: Int) = Action {
                                                ^^^^^^[0m
2022.06.13 21:09:50 INFO  file:///home/han/play-taskList/play-scala-seed/app/controllers/HomeController.scala:25:49: stale bloop error: overloaded method apply with alternatives:
  (block: => play.api.mvc.Result)play.api.mvc.Action[play.api.mvc.AnyContent] <and>
  (block: play.api.mvc.Request[play.api.mvc.AnyContent] => play.api.mvc.Result)play.api.mvc.Action[play.api.mvc.AnyContent] <and>
  [A](bodyParser: play.api.mvc.BodyParser[A]): play.api.mvc.ActionBuilder[play.api.mvc.Request,A]
 cannot be applied to (Unit)
  def product (prodType: String, proNum: Int) = Action {
                                                ^^^^^^[0m
2022.06.13 21:10:03 INFO  file:///home/han/play-taskList/play-scala-seed/app/controllers/HomeController.scala:25:49: stale bloop error: overloaded method apply with alternatives:
  (block: => play.api.mvc.Result)play.api.mvc.Action[play.api.mvc.AnyContent] <and>
  (block: play.api.mvc.Request[play.api.mvc.AnyContent] => play.api.mvc.Result)play.api.mvc.Action[play.api.mvc.AnyContent] <and>
  [A](bodyParser: play.api.mvc.BodyParser[A]): play.api.mvc.ActionBuilder[play.api.mvc.Request,A]
 cannot be applied to (Unit)
  def product (prodType: String, proNum: Int) = Action {
                                                ^^^^^^[0m
2022.06.13 21:10:03 INFO  file:///home/han/play-taskList/play-scala-seed/app/controllers/HomeController.scala:25:49: stale bloop error: overloaded method apply with alternatives:
  (block: => play.api.mvc.Result)play.api.mvc.Action[play.api.mvc.AnyContent] <and>
  (block: play.api.mvc.Request[play.api.mvc.AnyContent] => play.api.mvc.Result)play.api.mvc.Action[play.api.mvc.AnyContent] <and>
  [A](bodyParser: play.api.mvc.BodyParser[A]): play.api.mvc.ActionBuilder[play.api.mvc.Request,A]
 cannot be applied to (Unit)
  def product (prodType: String, proNum: Int) = Action {
                                                ^^^^^^[0m
2022.06.13 21:10:03 INFO  file:///home/han/play-taskList/play-scala-seed/app/controllers/HomeController.scala:25:49: stale bloop error: overloaded method apply with alternatives:
  (block: => play.api.mvc.Result)play.api.mvc.Action[play.api.mvc.AnyContent] <and>
  (block: play.api.mvc.Request[play.api.mvc.AnyContent] => play.api.mvc.Result)play.api.mvc.Action[play.api.mvc.AnyContent] <and>
  [A](bodyParser: play.api.mvc.BodyParser[A]): play.api.mvc.ActionBuilder[play.api.mvc.Request,A]
 cannot be applied to (Unit)
  def product (prodType: String, proNum: Int) = Action {
                                                ^^^^^^[0m
2022.06.13 21:10:03 INFO  file:///home/han/play-taskList/play-scala-seed/app/controllers/HomeController.scala:25:49: stale bloop error: overloaded method apply with alternatives:
  (block: => play.api.mvc.Result)play.api.mvc.Action[play.api.mvc.AnyContent] <and>
  (block: play.api.mvc.Request[play.api.mvc.AnyContent] => play.api.mvc.Result)play.api.mvc.Action[play.api.mvc.AnyContent] <and>
  [A](bodyParser: play.api.mvc.BodyParser[A]): play.api.mvc.ActionBuilder[play.api.mvc.Request,A]
 cannot be applied to (Unit)
  def product (prodType: String, proNum: Int) = Action {
                                                ^^^^^^[0m
2022.06.13 21:10:03 INFO  file:///home/han/play-taskList/play-scala-seed/app/controllers/HomeController.scala:25:49: stale bloop error: overloaded method apply with alternatives:
  (block: => play.api.mvc.Result)play.api.mvc.Action[play.api.mvc.AnyContent] <and>
  (block: play.api.mvc.Request[play.api.mvc.AnyContent] => play.api.mvc.Result)play.api.mvc.Action[play.api.mvc.AnyContent] <and>
  [A](bodyParser: play.api.mvc.BodyParser[A]): play.api.mvc.ActionBuilder[play.api.mvc.Request,A]
 cannot be applied to (Unit)
  def product (prodType: String, proNum: Int) = Action {
                                                ^^^^^^[0m
2022.06.13 21:10:03 INFO  file:///home/han/play-taskList/play-scala-seed/app/controllers/HomeController.scala:25:49: stale bloop error: overloaded method apply with alternatives:
  (block: => play.api.mvc.Result)play.api.mvc.Action[play.api.mvc.AnyContent] <and>
  (block: play.api.mvc.Request[play.api.mvc.AnyContent] => play.api.mvc.Result)play.api.mvc.Action[play.api.mvc.AnyContent] <and>
  [A](bodyParser: play.api.mvc.BodyParser[A]): play.api.mvc.ActionBuilder[play.api.mvc.Request,A]
 cannot be applied to (Unit)
  def product (prodType: String, proNum: Int) = Action {
                                                ^^^^^^[0m
2022.06.13 21:10:05 INFO  file:///home/han/play-taskList/play-scala-seed/app/controllers/HomeController.scala:25:49: stale bloop error: overloaded method apply with alternatives:
  (block: => play.api.mvc.Result)play.api.mvc.Action[play.api.mvc.AnyContent] <and>
  (block: play.api.mvc.Request[play.api.mvc.AnyContent] => play.api.mvc.Result)play.api.mvc.Action[play.api.mvc.AnyContent] <and>
  [A](bodyParser: play.api.mvc.BodyParser[A]): play.api.mvc.ActionBuilder[play.api.mvc.Request,A]
 cannot be applied to (Unit)
  def product (prodType: String, proNum: Int) = Action {
                                                ^^^^^^[0m
2022.06.13 21:10:05 INFO  file:///home/han/play-taskList/play-scala-seed/app/controllers/HomeController.scala:25:49: stale bloop error: overloaded method apply with alternatives:
  (block: => play.api.mvc.Result)play.api.mvc.Action[play.api.mvc.AnyContent] <and>
  (block: play.api.mvc.Request[play.api.mvc.AnyContent] => play.api.mvc.Result)play.api.mvc.Action[play.api.mvc.AnyContent] <and>
  [A](bodyParser: play.api.mvc.BodyParser[A]): play.api.mvc.ActionBuilder[play.api.mvc.Request,A]
 cannot be applied to (Unit)
  def product (prodType: String, proNum: Int) = Action {
                                                ^^^^^^[0m
2022.06.13 21:10:12 INFO  compiling root (1 scala source)[0m
2022.06.13 21:10:12 INFO  time: compiled root in 0.69s[0m
2022.06.13 21:13:30 INFO  compiling root (3 scala sources)[0m
2022.06.13 21:13:31 INFO  time: compiled root in 1.15s[0m
2022.06.13 21:13:31 INFO  compiling root (1 java source)[0m
2022.06.13 21:13:31 INFO  time: compiled root in 0.18s[0m
2022.06.13 21:14:46 INFO  compiling root (3 scala sources)[0m
2022.06.13 21:14:48 INFO  time: compiled root in 1.16s[0m
2022.06.13 21:15:13 INFO  compiling root (1 scala source)[0m
2022.06.13 21:15:15 INFO  time: compiled root in 2.09s[0m
2022.06.13 21:16:10 INFO  compiling root (1 scala source)[0m
2022.06.13 21:16:10 INFO  time: compiled root in 0.99s[0m
2022.06.13 21:18:29 INFO  compiling root (1 scala source)[0m
2022.06.13 21:18:29 INFO  time: compiled root in 0.97s[0m
2022.06.13 21:24:03 INFO  compiling root (1 scala source)[0m
2022.06.13 21:24:03 INFO  time: compiled root in 67ms[0m
2022.06.13 21:24:18 INFO  compiling root (1 scala source)[0m
2022.06.13 21:24:18 INFO  time: compiled root in 99ms[0m
2022.06.13 21:25:25 INFO  compiling root (5 scala sources)[0m
2022.06.13 21:25:26 INFO  time: compiled root in 1.24s[0m
2022.06.13 21:25:26 INFO  compiling root (3 scala sources and 1 java source)[0m
2022.06.13 21:25:26 INFO  time: compiled root in 0.56s[0m
2022.06.13 21:26:17 INFO  compiling root (1 scala source)[0m
2022.06.13 21:26:17 INFO  time: compiled root in 0.6s[0m
2022.06.13 21:26:39 INFO  compiling root (1 scala source)[0m
2022.06.13 21:26:39 INFO  time: compiled root in 0.49s[0m
Jun 13, 2022 9:27:03 PM org.eclipse.lsp4j.jsonrpc.services.GenericEndpoint notify
INFO: Unsupported notification method: $/setTrace
2022.06.13 21:27:41 INFO  shutting down Metals[0m
2022.06.13 21:27:41 INFO  Shut down connection with build server.[0m
2022.06.13 21:27:41 INFO  Shut down connection with build server.[0m
2022.06.13 21:27:41 INFO  Shut down connection with build server.[0m
2022.06.13 21:27:47 INFO  tracing is disabled for protocol LSP, to enable tracing of incoming and outgoing JSON messages create an empty file at /home/han/play-taskList/play-scala-seed/.metals/lsp.trace.json or /home/han/.cache/metals/lsp.trace.json[0m
2022.06.13 21:27:48 INFO  logging to file /home/han/play-taskList/play-scala-seed/.metals/metals.log[0m
2022.06.13 21:27:48 INFO  Started: Metals version 0.11.6 in workspace '/home/han/play-taskList/play-scala-seed' for client Visual Studio Code 1.67.2.[0m
2022.06.13 21:27:49 INFO  time: initialize in 0.68s[0m
2022.06.13 21:27:49 WARN  Flyway upgrade recommended: H2 2.1.212 is newer than this version of Flyway and support has not been tested. The latest supported version of H2 is 2.1.210.[0m
2022.06.13 21:27:49 INFO  Attempting to connect to the build server...[0m
2022.06.13 21:27:49 INFO  skipping build import with status 'Installed'[0m
2022.06.13 21:27:49 INFO  tracing is disabled for protocol BSP, to enable tracing of incoming and outgoing JSON messages create an empty file at /home/han/play-taskList/play-scala-seed/.metals/bsp.trace.json or /home/han/.cache/metals/bsp.trace.json[0m
2022.06.13 21:27:49 INFO  Attempting to connect to the build server...[0m
2022.06.13 21:27:49 INFO  Attempting to connect to the build server...[0m
2022.06.13 21:27:49 INFO  tracing is disabled for protocol BSP, to enable tracing of incoming and outgoing JSON messages create an empty file at /home/han/play-taskList/play-scala-seed/project/project/.metals/bsp.trace.json or /home/han/.cache/metals/bsp.trace.json[0m
2022.06.13 21:27:49 INFO  tracing is disabled for protocol BSP, to enable tracing of incoming and outgoing JSON messages create an empty file at /home/han/play-taskList/play-scala-seed/project/.metals/bsp.trace.json or /home/han/.cache/metals/bsp.trace.json[0m
2022.06.13 21:27:49 INFO  time: Connected to build server in 0.33s[0m
2022.06.13 21:27:49 INFO  Connected to Build server: Bloop v1.5.0-18-003e6c7b[0m
2022.06.13 21:27:52 WARN  Could not find java sources in /usr/lib/jvm/src.zip, /usr/lib/jvm/lib/src.zip, /usr/lib/jvm/java-1.8.0-openjdk-amd64/src.zip, /usr/lib/jvm/java-1.8.0-openjdk-amd64/lib/src.zip. Java symbols will not be available.[0m
2022.06.13 21:27:52 WARN  Could not find java sources in /usr/lib/jvm/src.zip, /usr/lib/jvm/lib/src.zip, /usr/lib/jvm/java-1.8.0-openjdk-amd64/src.zip, /usr/lib/jvm/java-1.8.0-openjdk-amd64/lib/src.zip. Java symbols will not be available.[0m
2022.06.13 21:27:52 INFO  time: indexed workspace in 3.04s[0m
Jun 13, 2022 9:27:53 PM org.eclipse.lsp4j.jsonrpc.RemoteEndpoint handleNotification
WARNING: Notification threw an exception: {
  "jsonrpc": "2.0",
  "method": "build/taskFinish",
  "params": {
    "taskId": {
      "id": "1"
    },
    "eventTime": 1655126873126,
    "message": "Compiled \u0027root\u0027",
    "status": 1,
    "dataKind": "compile-report",
    "data": {
      "target": {
        "uri": "file:/home/han/play-taskList/play-scala-seed/?id\u003droot"
      },
      "errors": 0,
      "warnings": 0,
      "isNoOp": true,
      "isLastCycle": true,
      "clientDir": "file:///home/han/play-taskList/play-scala-seed/.bloop/root/bloop-bsp-clients-classes/classes-Metals-7ghW5x_iQbm6L_ml-3Bxcg\u003d\u003d/",
      "analysisOut": "file:///home/han/play-taskList/play-scala-seed/.bloop/root/root-analysis.bin"
    }
  }
}
java.lang.RuntimeException: java.lang.reflect.InvocationTargetException
	at org.eclipse.lsp4j.jsonrpc.services.GenericEndpoint.lambda$null$0(GenericEndpoint.java:67)
	at org.eclipse.lsp4j.jsonrpc.services.GenericEndpoint.notify(GenericEndpoint.java:152)
	at org.eclipse.lsp4j.jsonrpc.RemoteEndpoint.handleNotification(RemoteEndpoint.java:220)
	at org.eclipse.lsp4j.jsonrpc.RemoteEndpoint.consume(RemoteEndpoint.java:187)
	at org.eclipse.lsp4j.jsonrpc.json.StreamMessageProducer.handleMessage(StreamMessageProducer.java:194)
	at org.eclipse.lsp4j.jsonrpc.json.StreamMessageProducer.listen(StreamMessageProducer.java:94)
	at org.eclipse.lsp4j.jsonrpc.json.ConcurrentMessageProcessor.run(ConcurrentMessageProcessor.java:113)
	at java.util.concurrent.Executors$RunnableAdapter.call(Executors.java:511)
	at java.util.concurrent.FutureTask.run(FutureTask.java:266)
	at java.util.concurrent.ThreadPoolExecutor.runWorker(ThreadPoolExecutor.java:1149)
	at java.util.concurrent.ThreadPoolExecutor$Worker.run(ThreadPoolExecutor.java:624)
	at java.lang.Thread.run(Thread.java:748)
Caused by: java.lang.reflect.InvocationTargetException
	at sun.reflect.NativeMethodAccessorImpl.invoke0(Native Method)
	at sun.reflect.NativeMethodAccessorImpl.invoke(NativeMethodAccessorImpl.java:62)
	at sun.reflect.DelegatingMethodAccessorImpl.invoke(DelegatingMethodAccessorImpl.java:43)
	at java.lang.reflect.Method.invoke(Method.java:498)
	at org.eclipse.lsp4j.jsonrpc.services.GenericEndpoint.lambda$null$0(GenericEndpoint.java:65)
	... 11 more
Caused by: java.lang.NullPointerException
	at scala.meta.internal.metals.Compilers.$anonfun$didCompile$3(Compilers.scala:247)
	at scala.meta.internal.metals.Compilers.$anonfun$didCompile$3$adapted(Compilers.scala:245)
	at scala.Option.foreach(Option.scala:437)
	at scala.meta.internal.metals.Compilers.$anonfun$didCompile$2(Compilers.scala:245)
	at scala.meta.internal.metals.Compilers.$anonfun$didCompile$2$adapted(Compilers.scala:244)
	at scala.collection.mutable.HashSet$Node.foreach(HashSet.scala:435)
	at scala.collection.mutable.HashSet.foreach(HashSet.scala:361)
	at scala.meta.internal.metals.Compilers.didCompile(Compilers.scala:244)
	at scala.meta.internal.metals.MetalsLanguageServer.$anonfun$updateWorkspaceDirectory$12(MetalsLanguageServer.scala:438)
	at scala.meta.internal.metals.MetalsLanguageServer.$anonfun$updateWorkspaceDirectory$12$adapted(MetalsLanguageServer.scala:436)
	at scala.meta.internal.metals.clients.language.ForwardingMetalsBuildClient.$anonfun$buildTaskFinish$2(ForwardingMetalsBuildClient.scala:160)
	at scala.Option.foreach(Option.scala:437)
	at scala.meta.internal.metals.clients.language.ForwardingMetalsBuildClient.$anonfun$buildTaskFinish$1(ForwardingMetalsBuildClient.scala:157)
	at scala.meta.internal.metals.clients.language.ForwardingMetalsBuildClient.$anonfun$buildTaskFinish$1$adapted(ForwardingMetalsBuildClient.scala:156)
	at scala.Option.foreach(Option.scala:437)
	at scala.meta.internal.metals.clients.language.ForwardingMetalsBuildClient.buildTaskFinish(ForwardingMetalsBuildClient.scala:156)
	... 16 more

Jun 13, 2022 9:28:13 PM org.eclipse.lsp4j.jsonrpc.RemoteEndpoint handleCancellation
WARNING: Unmatched cancel notification for request id 16
Jun 13, 2022 9:28:14 PM org.eclipse.lsp4j.jsonrpc.RemoteEndpoint handleCancellation
WARNING: Unmatched cancel notification for request id 22
2022.06.13 21:28:19 INFO  compiling root (1 scala source)[0m
2022.06.13 21:28:19 INFO  time: compiled root in 0.54s[0m
2022.06.13 21:28:26 INFO  compiling root (1 scala source)[0m
2022.06.13 21:28:26 INFO  time: compiled root in 0.6s[0m
2022.06.13 21:28:31 INFO  compiling root (1 scala source)[0m
2022.06.13 21:28:31 INFO  time: compiled root in 0.52s[0m
2022.06.13 21:28:47 INFO  compiling root (1 scala source)[0m
2022.06.13 21:28:47 INFO  time: compiled root in 82ms[0m
2022.06.13 21:28:48 WARN  Could not load snapshot text for /home/han/play-taskList/play-scala-seed/app/controllers/TaskList1.scala[0m
2022.06.13 21:28:48 WARN  Could not load snapshot text for /home/han/play-taskList/play-scala-seed/app/controllers/TaskList1.scala[0m
2022.06.13 21:28:49 WARN  Could not load snapshot text for /home/han/play-taskList/play-scala-seed/app/controllers/TaskList1.scala[0m
2022.06.13 21:28:51 WARN  Could not load snapshot text for /home/han/play-taskList/play-scala-seed/app/controllers/TaskList1.scala[0m
2022.06.13 21:28:51 INFO  compiling root (1 scala source)[0m
2022.06.13 21:28:51 INFO  time: compiled root in 0.62s[0m
2022.06.13 21:29:08 INFO  compiling root (1 scala source)[0m
2022.06.13 21:29:08 INFO  time: compiled root in 0.58s[0m
2022.06.13 21:30:25 INFO  compiling root (4 scala sources)[0m
2022.06.13 21:30:25 INFO  time: compiled root in 0.18s[0m
2022.06.13 21:30:49 INFO  compiling root (4 scala sources)[0m
2022.06.13 21:30:49 INFO  time: compiled root in 0.16s[0m
2022.06.13 21:30:52 INFO  compiling root (4 scala sources)[0m
2022.06.13 21:30:52 INFO  time: compiled root in 0.26s[0m
2022.06.13 21:31:38 INFO  compiling root (4 scala sources)[0m
2022.06.13 21:31:39 INFO  time: compiled root in 1.24s[0m
2022.06.13 21:31:39 INFO  compiling root (1 java source)[0m
2022.06.13 21:31:39 INFO  time: compiled root in 0.17s[0m
2022.06.13 21:32:25 INFO  compiling root (1 scala source)[0m
2022.06.13 21:32:25 INFO  time: compiled root in 0.56s[0m
2022.06.13 21:32:59 INFO  compiling root (3 scala sources)[0m
2022.06.13 21:33:00 INFO  time: compiled root in 1.1s[0m
2022.06.13 21:33:38 INFO  compiling root (1 scala source)[0m
2022.06.13 21:33:38 INFO  time: compiled root in 0.55s[0m
2022.06.13 21:39:39 INFO  compiling root (1 scala source)[0m
2022.06.13 21:39:39 INFO  time: compiled root in 0.58s[0m
2022.06.13 21:44:49 INFO  compiling root (1 scala source)[0m
2022.06.13 21:44:49 INFO  time: compiled root in 0.48s[0m
2022.06.13 21:44:56 INFO  compiling root (1 scala source)[0m
2022.06.13 21:44:56 INFO  time: compiled root in 95ms[0m
2022.06.13 21:45:04 INFO  compiling root (1 scala source)[0m
2022.06.13 21:45:04 INFO  time: compiled root in 0.64s[0m
2022.06.13 21:47:34 INFO  compiling root (1 scala source)[0m
2022.06.13 21:47:34 INFO  time: compiled root in 94ms[0m
2022.06.13 21:47:35 WARN  Could not load snapshot text for /home/han/play-taskList/play-scala-seed/app/controllers/TaskList1.scala[0m
2022.06.13 21:47:48 WARN  Could not load snapshot text for /home/han/play-taskList/play-scala-seed/app/controllers/TaskList1.scala[0m
2022.06.13 21:47:48 WARN  Could not load snapshot text for /home/han/play-taskList/play-scala-seed/app/controllers/TaskList1.scala[0m
2022.06.13 21:47:48 WARN  Could not load snapshot text for /home/han/play-taskList/play-scala-seed/app/controllers/TaskList1.scala[0m
2022.06.13 21:47:49 WARN  Could not load snapshot text for /home/han/play-taskList/play-scala-seed/app/controllers/TaskList1.scala[0m
2022.06.13 21:47:49 WARN  Could not load snapshot text for /home/han/play-taskList/play-scala-seed/app/controllers/TaskList1.scala[0m
2022.06.13 21:47:49 WARN  Could not load snapshot text for /home/han/play-taskList/play-scala-seed/app/controllers/TaskList1.scala[0m
2022.06.13 21:47:49 WARN  Could not load snapshot text for /home/han/play-taskList/play-scala-seed/app/controllers/TaskList1.scala[0m
2022.06.13 21:47:49 INFO  compiling root (1 scala source)[0m
2022.06.13 21:47:49 INFO  time: compiled root in 0.83s[0m
2022.06.13 21:48:14 INFO  compiling root (1 scala source)[0m
2022.06.13 21:48:14 INFO  time: compiled root in 0.68s[0m
2022.06.13 21:48:59 INFO  compiling root (4 scala sources)[0m
2022.06.13 21:48:59 INFO  time: compiled root in 0.21s[0m
2022.06.13 21:49:37 INFO  compiling root (4 scala sources)[0m
2022.06.13 21:49:38 INFO  time: compiled root in 1.24s[0m
2022.06.13 21:49:38 INFO  compiling root (1 java source)[0m
2022.06.13 21:49:38 INFO  time: compiled root in 0.15s[0m
2022.06.13 21:51:31 INFO  compiling root (3 scala sources)[0m
2022.06.13 21:51:32 INFO  time: compiled root in 1.19s[0m
2022.06.13 21:52:04 INFO  compiling root (1 scala source)[0m
2022.06.13 21:52:04 INFO  time: compiled root in 0.53s[0m
2022.06.13 21:52:54 INFO  compiling root (1 scala source)[0m
2022.06.13 21:52:54 INFO  time: compiled root in 0.63s[0m
2022.06.13 21:54:34 INFO  compiling root (1 scala source)[0m
2022.06.13 21:54:34 INFO  time: compiled root in 0.62s[0m
2022.06.13 21:54:36 INFO  compiling root (1 scala source)[0m
2022.06.13 21:54:36 INFO  time: compiled root in 0.1s[0m
2022.06.13 21:55:21 INFO  compiling root (1 scala source)[0m
2022.06.13 21:55:21 INFO  time: compiled root in 65ms[0m
2022.06.13 21:55:29 INFO  compiling root (1 scala source)[0m
2022.06.13 21:55:29 INFO  time: compiled root in 0.62s[0m
2022.06.13 21:57:37 INFO  compiling root (1 scala source)[0m
2022.06.13 21:57:37 INFO  time: compiled root in 88ms[0m
2022.06.13 21:58:08 INFO  compiling root (1 scala source)[0m
2022.06.13 21:58:08 INFO  time: compiled root in 92ms[0m
2022.06.13 21:58:42 INFO  compiling root (1 scala source)[0m
2022.06.13 21:58:42 INFO  time: compiled root in 0.11s[0m
2022.06.13 21:59:53 INFO  compiling root (1 scala source)[0m
2022.06.13 21:59:53 INFO  time: compiled root in 97ms[0m
2022.06.13 22:00:12 INFO  compiling root (2 scala sources)[0m
2022.06.13 22:00:12 INFO  time: compiled root in 0.12s[0m
2022.06.13 22:00:29 INFO  compiling root (5 scala sources)[0m
2022.06.13 22:00:31 INFO  time: compiled root in 1.28s[0m
2022.06.13 22:00:31 INFO  compiling root (3 scala sources and 1 java source)[0m
2022.06.13 22:00:31 INFO  time: compiled root in 0.53s[0m
Jun 13, 2022 10:00:32 PM org.eclipse.lsp4j.jsonrpc.RemoteEndpoint handleCancellation
WARNING: Unmatched cancel notification for request id 1498
2022.06.13 22:01:03 INFO  compiling root (1 scala source)[0m
2022.06.13 22:01:03 INFO  time: compiled root in 0.82s[0m
2022.06.13 22:08:38 INFO  compiling root (1 scala source)[0m
2022.06.13 22:08:38 INFO  time: compiled root in 0.35s[0m
2022.06.13 22:08:42 INFO  compiling root (1 scala source)[0m
2022.06.13 22:08:42 INFO  time: compiled root in 0.39s[0m
2022.06.13 22:10:05 INFO  compiling root (1 scala source)[0m
2022.06.13 22:10:05 INFO  time: compiled root in 66ms[0m
2022.06.13 22:10:27 INFO  compiling root (1 scala source)[0m
2022.06.13 22:10:27 INFO  time: compiled root in 0.44s[0m
Jun 13, 2022 10:10:53 PM org.eclipse.lsp4j.jsonrpc.RemoteEndpoint handleCancellation
WARNING: Unmatched cancel notification for request id 2069
Jun 13, 2022 10:11:26 PM org.eclipse.lsp4j.jsonrpc.RemoteEndpoint handleCancellation
WARNING: Unmatched cancel notification for request id 2334
2022.06.13 22:11:51 INFO  compiling root (1 scala source)[0m
2022.06.13 22:11:51 INFO  time: compiled root in 0.44s[0m
2022.06.13 22:12:14 WARN  Could not load snapshot text for /home/han/play-taskList/play-scala-seed/app/models/TaskListInMemoryModel.scala[0m
2022.06.13 22:12:14 INFO  compiling root (1 scala source)[0m
2022.06.13 22:12:14 INFO  time: compiled root in 67ms[0m
2022.06.13 22:12:15 WARN  Could not load snapshot text for /home/han/play-taskList/play-scala-seed/app/models/TaskListInMemoryModel.scala[0m
2022.06.13 22:12:15 WARN  Could not load snapshot text for /home/han/play-taskList/play-scala-seed/app/models/TaskListInMemoryModel.scala[0m
2022.06.13 22:12:15 WARN  Could not load snapshot text for /home/han/play-taskList/play-scala-seed/app/models/TaskListInMemoryModel.scala[0m
2022.06.13 22:12:16 WARN  Could not load snapshot text for /home/han/play-taskList/play-scala-seed/app/models/TaskListInMemoryModel.scala[0m
2022.06.13 22:12:18 WARN  Could not load snapshot text for /home/han/play-taskList/play-scala-seed/app/models/TaskListInMemoryModel.scala[0m
2022.06.13 22:12:18 WARN  Could not load snapshot text for /home/han/play-taskList/play-scala-seed/app/models/TaskListInMemoryModel.scala[0m
2022.06.13 22:12:18 WARN  Could not load snapshot text for /home/han/play-taskList/play-scala-seed/app/models/TaskListInMemoryModel.scala[0m
2022.06.13 22:12:19 WARN  Could not load snapshot text for /home/han/play-taskList/play-scala-seed/app/models/TaskListInMemoryModel.scala[0m
2022.06.13 22:12:25 WARN  Could not load snapshot text for /home/han/play-taskList/play-scala-seed/app/models/TaskListInMemoryModel.scala[0m
2022.06.13 22:12:26 WARN  Could not load snapshot text for /home/han/play-taskList/play-scala-seed/app/models/TaskListInMemoryModel.scala[0m
2022.06.13 22:12:27 WARN  Could not load snapshot text for /home/han/play-taskList/play-scala-seed/app/models/TaskListInMemoryModel.scala[0m
2022.06.13 22:12:27 WARN  Could not load snapshot text for /home/han/play-taskList/play-scala-seed/app/models/TaskListInMemoryModel.scala[0m
2022.06.13 22:12:28 WARN  Could not load snapshot text for /home/han/play-taskList/play-scala-seed/app/models/TaskListInMemoryModel.scala[0m
2022.06.13 22:12:28 WARN  Could not load snapshot text for /home/han/play-taskList/play-scala-seed/app/models/TaskListInMemoryModel.scala[0m
2022.06.13 22:12:29 WARN  Could not load snapshot text for /home/han/play-taskList/play-scala-seed/app/models/TaskListInMemoryModel.scala[0m
2022.06.13 22:12:29 WARN  Could not load snapshot text for /home/han/play-taskList/play-scala-seed/app/models/TaskListInMemoryModel.scala[0m
2022.06.13 22:12:30 INFO  compiling root (1 scala source)[0m
2022.06.13 22:12:30 INFO  time: compiled root in 89ms[0m
2022.06.13 22:12:31 WARN  Could not load snapshot text for /home/han/play-taskList/play-scala-seed/app/models/TaskListInMemoryModel.scala[0m
2022.06.13 22:12:38 WARN  Could not load snapshot text for /home/han/play-taskList/play-scala-seed/app/models/TaskListInMemoryModel.scala[0m
2022.06.13 22:12:40 WARN  Could not load snapshot text for /home/han/play-taskList/play-scala-seed/app/models/TaskListInMemoryModel.scala[0m
2022.06.13 22:12:41 WARN  Could not load snapshot text for /home/han/play-taskList/play-scala-seed/app/models/TaskListInMemoryModel.scala[0m
2022.06.13 22:12:42 WARN  Could not load snapshot text for /home/han/play-taskList/play-scala-seed/app/models/TaskListInMemoryModel.scala[0m
2022.06.13 22:12:44 WARN  Could not load snapshot text for /home/han/play-taskList/play-scala-seed/app/models/TaskListInMemoryModel.scala[0m
2022.06.13 22:12:45 WARN  Could not load snapshot text for /home/han/play-taskList/play-scala-seed/app/models/TaskListInMemoryModel.scala[0m
2022.06.13 22:12:45 WARN  Could not load snapshot text for /home/han/play-taskList/play-scala-seed/app/models/TaskListInMemoryModel.scala[0m
2022.06.13 22:12:46 WARN  Could not load snapshot text for /home/han/play-taskList/play-scala-seed/app/models/TaskListInMemoryModel.scala[0m
2022.06.13 22:12:47 WARN  Could not load snapshot text for /home/han/play-taskList/play-scala-seed/app/models/TaskListInMemoryModel.scala[0m
2022.06.13 22:12:48 WARN  Could not load snapshot text for /home/han/play-taskList/play-scala-seed/app/models/TaskListInMemoryModel.scala[0m
2022.06.13 22:12:48 WARN  Could not load snapshot text for /home/han/play-taskList/play-scala-seed/app/models/TaskListInMemoryModel.scala[0m
2022.06.13 22:12:49 WARN  Could not load snapshot text for /home/han/play-taskList/play-scala-seed/app/models/TaskListInMemoryModel.scala[0m
2022.06.13 22:12:49 WARN  Could not load snapshot text for /home/han/play-taskList/play-scala-seed/app/models/TaskListInMemoryModel.scala[0m
2022.06.13 22:12:49 WARN  Could not load snapshot text for /home/han/play-taskList/play-scala-seed/app/models/TaskListInMemoryModel.scala[0m
2022.06.13 22:12:50 WARN  Could not load snapshot text for /home/han/play-taskList/play-scala-seed/app/models/TaskListInMemoryModel.scala[0m
2022.06.13 22:12:51 WARN  Could not load snapshot text for /home/han/play-taskList/play-scala-seed/app/models/TaskListInMemoryModel.scala[0m
2022.06.13 22:12:53 WARN  Could not load snapshot text for /home/han/play-taskList/play-scala-seed/app/models/TaskListInMemoryModel.scala[0m
2022.06.13 22:12:54 WARN  Could not load snapshot text for /home/han/play-taskList/play-scala-seed/app/models/TaskListInMemoryModel.scala[0m
2022.06.13 22:12:54 WARN  Could not load snapshot text for /home/han/play-taskList/play-scala-seed/app/models/TaskListInMemoryModel.scala[0m
2022.06.13 22:12:54 INFO  compiling root (1 scala source)[0m
2022.06.13 22:12:54 INFO  time: compiled root in 0.47s[0m
2022.06.13 22:13:05 ERROR searching for `controllers/TaskListInMemoryModel.validateUser().(username)` failed
java.nio.file.NoSuchFileException: /home/han/play-taskList/play-scala-seed/app/controllers/TaskListInMemoryModel.scala
	at sun.nio.fs.UnixException.translateToIOException(UnixException.java:86)
	at sun.nio.fs.UnixException.rethrowAsIOException(UnixException.java:102)
	at sun.nio.fs.UnixException.rethrowAsIOException(UnixException.java:107)
	at sun.nio.fs.UnixFileSystemProvider.newByteChannel(UnixFileSystemProvider.java:214)
	at java.nio.file.Files.newByteChannel(Files.java:361)
	at java.nio.file.Files.newByteChannel(Files.java:407)
	at java.nio.file.Files.readAllBytes(Files.java:3152)
	at scala.meta.internal.io.PlatformFileIO$.slurp(PlatformFileIO.scala:45)
	at scala.meta.internal.io.FileIO$.slurp(FileIO.scala:24)
	at scala.meta.internal.mtags.CommonMtagsEnrichments$XtensionAbsolutePath.toInput(CommonMtagsEnrichments.scala:527)
	at scala.meta.internal.mtags.SymbolIndexBucket.addMtagsSourceFile(SymbolIndexBucket.scala:198)
	at scala.meta.internal.mtags.SymbolIndexBucket.$anonfun$query0$1(SymbolIndexBucket.scala:163)
	at scala.meta.internal.mtags.SymbolIndexBucket.$anonfun$query0$1$adapted(SymbolIndexBucket.scala:163)
	at scala.collection.immutable.Set$Set2.foreach(Set.scala:201)
	at scala.meta.internal.mtags.SymbolIndexBucket.query0(SymbolIndexBucket.scala:163)
	at scala.meta.internal.mtags.SymbolIndexBucket.query(SymbolIndexBucket.scala:140)
	at scala.meta.internal.mtags.OnDemandSymbolIndex.$anonfun$findSymbolDefinition$1(OnDemandSymbolIndex.scala:133)
	at scala.collection.immutable.List.flatMap(List.scala:293)
	at scala.meta.internal.mtags.OnDemandSymbolIndex.findSymbolDefinition(OnDemandSymbolIndex.scala:133)
	at scala.meta.internal.mtags.OnDemandSymbolIndex.definition(OnDemandSymbolIndex.scala:44)
	at scala.meta.internal.metals.Docstrings.indexSymbol(Docstrings.scala:104)
	at scala.meta.internal.metals.Docstrings.documentation(Docstrings.scala:44)
	at scala.meta.internal.metals.MetalsSymbolSearch.documentation(MetalsSymbolSearch.scala:42)
	at scala.meta.internal.pc.MetalsGlobal.symbolDocumentation(MetalsGlobal.scala:167)
	at scala.meta.internal.pc.CompletionItemResolver.handleSymbol(CompletionItemResolver.scala:31)
	at scala.meta.internal.pc.CompletionItemResolver.resolve(CompletionItemResolver.scala:24)
	at scala.meta.internal.pc.ScalaPresentationCompiler.$anonfun$completionItemResolve$1(ScalaPresentationCompiler.scala:172)
	at scala.meta.internal.pc.CompilerAccess.withSharedCompiler(CompilerAccess.scala:137)
	at scala.meta.internal.pc.ScalaPresentationCompiler.completionItemResolve(ScalaPresentationCompiler.scala:171)
	at scala.meta.internal.metals.Compilers.$anonfun$completionItemResolve$2(Compilers.scala:258)
	at scala.Option.map(Option.scala:242)
	at scala.meta.internal.metals.Compilers.$anonfun$completionItemResolve$1(Compilers.scala:257)
	at scala.Option.flatMap(Option.scala:283)
	at scala.meta.internal.metals.Compilers.completionItemResolve(Compilers.scala:256)
	at scala.meta.internal.metals.MetalsLanguageServer.$anonfun$completionItemResolve$1(MetalsLanguageServer.scala:1630)
	at scala.meta.internal.metals.CancelTokens$.future(CancelTokens.scala:38)
	at scala.meta.internal.metals.MetalsLanguageServer.completionItemResolve(MetalsLanguageServer.scala:1628)
	at sun.reflect.GeneratedMethodAccessor9.invoke(null)
	at sun.reflect.DelegatingMethodAccessorImpl.invoke(DelegatingMethodAccessorImpl.java:43)
	at java.lang.reflect.Method.invoke(Method.java:498)
	at org.eclipse.lsp4j.jsonrpc.services.GenericEndpoint.lambda$null$0(GenericEndpoint.java:65)
	at org.eclipse.lsp4j.jsonrpc.services.GenericEndpoint.request(GenericEndpoint.java:120)
	at org.eclipse.lsp4j.jsonrpc.RemoteEndpoint.handleRequest(RemoteEndpoint.java:261)
	at org.eclipse.lsp4j.jsonrpc.RemoteEndpoint.consume(RemoteEndpoint.java:190)
	at org.eclipse.lsp4j.jsonrpc.json.StreamMessageProducer.handleMessage(StreamMessageProducer.java:194)
	at org.eclipse.lsp4j.jsonrpc.json.StreamMessageProducer.listen(StreamMessageProducer.java:94)
	at org.eclipse.lsp4j.jsonrpc.json.ConcurrentMessageProcessor.run(ConcurrentMessageProcessor.java:113)
	at java.util.concurrent.Executors$RunnableAdapter.call(Executors.java:511)
	at java.util.concurrent.FutureTask.run(FutureTask.java:266)
	at java.util.concurrent.ThreadPoolExecutor.runWorker(ThreadPoolExecutor.java:1149)
	at java.util.concurrent.ThreadPoolExecutor$Worker.run(ThreadPoolExecutor.java:624)
	at java.lang.Thread.run(Thread.java:748)
[0m
2022.06.13 22:13:08 ERROR searching for `controllers/TaskListInMemoryModel.users.` failed
java.nio.file.NoSuchFileException: /home/han/play-taskList/play-scala-seed/app/controllers/TaskListInMemoryModel.scala
	at sun.nio.fs.UnixException.translateToIOException(UnixException.java:86)
	at sun.nio.fs.UnixException.rethrowAsIOException(UnixException.java:102)
	at sun.nio.fs.UnixException.rethrowAsIOException(UnixException.java:107)
	at sun.nio.fs.UnixFileSystemProvider.newByteChannel(UnixFileSystemProvider.java:214)
	at java.nio.file.Files.newByteChannel(Files.java:361)
	at java.nio.file.Files.newByteChannel(Files.java:407)
	at java.nio.file.Files.readAllBytes(Files.java:3152)
	at scala.meta.internal.io.PlatformFileIO$.slurp(PlatformFileIO.scala:45)
	at scala.meta.internal.io.FileIO$.slurp(FileIO.scala:24)
	at scala.meta.internal.mtags.CommonMtagsEnrichments$XtensionAbsolutePath.toInput(CommonMtagsEnrichments.scala:527)
	at scala.meta.internal.mtags.SymbolIndexBucket.addMtagsSourceFile(SymbolIndexBucket.scala:198)
	at scala.meta.internal.mtags.SymbolIndexBucket.$anonfun$query0$1(SymbolIndexBucket.scala:163)
	at scala.meta.internal.mtags.SymbolIndexBucket.$anonfun$query0$1$adapted(SymbolIndexBucket.scala:163)
	at scala.collection.immutable.Set$Set2.foreach(Set.scala:201)
	at scala.meta.internal.mtags.SymbolIndexBucket.query0(SymbolIndexBucket.scala:163)
	at scala.meta.internal.mtags.SymbolIndexBucket.query(SymbolIndexBucket.scala:140)
	at scala.meta.internal.mtags.OnDemandSymbolIndex.$anonfun$findSymbolDefinition$1(OnDemandSymbolIndex.scala:133)
	at scala.collection.immutable.List.flatMap(List.scala:293)
	at scala.meta.internal.mtags.OnDemandSymbolIndex.findSymbolDefinition(OnDemandSymbolIndex.scala:133)
	at scala.meta.internal.mtags.OnDemandSymbolIndex.definition(OnDemandSymbolIndex.scala:44)
	at scala.meta.internal.metals.Docstrings.indexSymbol(Docstrings.scala:104)
	at scala.meta.internal.metals.Docstrings.documentation(Docstrings.scala:44)
	at scala.meta.internal.metals.MetalsSymbolSearch.documentation(MetalsSymbolSearch.scala:42)
	at scala.meta.internal.pc.MetalsGlobal.symbolDocumentation(MetalsGlobal.scala:167)
	at scala.meta.internal.pc.CompletionItemResolver.handleSymbol(CompletionItemResolver.scala:31)
	at scala.meta.internal.pc.CompletionItemResolver.resolve(CompletionItemResolver.scala:24)
	at scala.meta.internal.pc.ScalaPresentationCompiler.$anonfun$completionItemResolve$1(ScalaPresentationCompiler.scala:172)
	at scala.meta.internal.pc.CompilerAccess.withSharedCompiler(CompilerAccess.scala:137)
	at scala.meta.internal.pc.ScalaPresentationCompiler.completionItemResolve(ScalaPresentationCompiler.scala:171)
	at scala.meta.internal.metals.Compilers.$anonfun$completionItemResolve$2(Compilers.scala:258)
	at scala.Option.map(Option.scala:242)
	at scala.meta.internal.metals.Compilers.$anonfun$completionItemResolve$1(Compilers.scala:257)
	at scala.Option.flatMap(Option.scala:283)
	at scala.meta.internal.metals.Compilers.completionItemResolve(Compilers.scala:256)
	at scala.meta.internal.metals.MetalsLanguageServer.$anonfun$completionItemResolve$1(MetalsLanguageServer.scala:1630)
	at scala.meta.internal.metals.CancelTokens$.future(CancelTokens.scala:38)
	at scala.meta.internal.metals.MetalsLanguageServer.completionItemResolve(MetalsLanguageServer.scala:1628)
	at sun.reflect.GeneratedMethodAccessor9.invoke(null)
	at sun.reflect.DelegatingMethodAccessorImpl.invoke(DelegatingMethodAccessorImpl.java:43)
	at java.lang.reflect.Method.invoke(Method.java:498)
	at org.eclipse.lsp4j.jsonrpc.services.GenericEndpoint.lambda$null$0(GenericEndpoint.java:65)
	at org.eclipse.lsp4j.jsonrpc.services.GenericEndpoint.request(GenericEndpoint.java:120)
	at org.eclipse.lsp4j.jsonrpc.RemoteEndpoint.handleRequest(RemoteEndpoint.java:261)
	at org.eclipse.lsp4j.jsonrpc.RemoteEndpoint.consume(RemoteEndpoint.java:190)
	at org.eclipse.lsp4j.jsonrpc.json.StreamMessageProducer.handleMessage(StreamMessageProducer.java:194)
	at org.eclipse.lsp4j.jsonrpc.json.StreamMessageProducer.listen(StreamMessageProducer.java:94)
	at org.eclipse.lsp4j.jsonrpc.json.ConcurrentMessageProcessor.run(ConcurrentMessageProcessor.java:113)
	at java.util.concurrent.Executors$RunnableAdapter.call(Executors.java:511)
	at java.util.concurrent.FutureTask.run(FutureTask.java:266)
	at java.util.concurrent.ThreadPoolExecutor.runWorker(ThreadPoolExecutor.java:1149)
	at java.util.concurrent.ThreadPoolExecutor$Worker.run(ThreadPoolExecutor.java:624)
	at java.lang.Thread.run(Thread.java:748)
[0m
2022.06.13 22:13:18 INFO  compiling root (1 scala source)[0m
2022.06.13 22:13:18 INFO  time: compiled root in 80ms[0m
2022.06.13 22:13:22 INFO  compiling root (1 scala source)[0m
2022.06.13 22:13:22 INFO  time: compiled root in 88ms[0m
2022.06.13 22:13:39 ERROR searching for `controllers/TaskListInMemoryModel.validateUser().(password)` failed
java.nio.file.NoSuchFileException: /home/han/play-taskList/play-scala-seed/app/controllers/TaskListInMemoryModel.scala
	at sun.nio.fs.UnixException.translateToIOException(UnixException.java:86)
	at sun.nio.fs.UnixException.rethrowAsIOException(UnixException.java:102)
	at sun.nio.fs.UnixException.rethrowAsIOException(UnixException.java:107)
	at sun.nio.fs.UnixFileSystemProvider.newByteChannel(UnixFileSystemProvider.java:214)
	at java.nio.file.Files.newByteChannel(Files.java:361)
	at java.nio.file.Files.newByteChannel(Files.java:407)
	at java.nio.file.Files.readAllBytes(Files.java:3152)
	at scala.meta.internal.io.PlatformFileIO$.slurp(PlatformFileIO.scala:45)
	at scala.meta.internal.io.FileIO$.slurp(FileIO.scala:24)
	at scala.meta.internal.mtags.CommonMtagsEnrichments$XtensionAbsolutePath.toInput(CommonMtagsEnrichments.scala:527)
	at scala.meta.internal.mtags.SymbolIndexBucket.addMtagsSourceFile(SymbolIndexBucket.scala:198)
	at scala.meta.internal.mtags.SymbolIndexBucket.$anonfun$query0$1(SymbolIndexBucket.scala:163)
	at scala.meta.internal.mtags.SymbolIndexBucket.$anonfun$query0$1$adapted(SymbolIndexBucket.scala:163)
	at scala.collection.immutable.Set$Set2.foreach(Set.scala:201)
	at scala.meta.internal.mtags.SymbolIndexBucket.query0(SymbolIndexBucket.scala:163)
	at scala.meta.internal.mtags.SymbolIndexBucket.query(SymbolIndexBucket.scala:140)
	at scala.meta.internal.mtags.OnDemandSymbolIndex.$anonfun$findSymbolDefinition$1(OnDemandSymbolIndex.scala:133)
	at scala.collection.immutable.List.flatMap(List.scala:293)
	at scala.meta.internal.mtags.OnDemandSymbolIndex.findSymbolDefinition(OnDemandSymbolIndex.scala:133)
	at scala.meta.internal.mtags.OnDemandSymbolIndex.definition(OnDemandSymbolIndex.scala:44)
	at scala.meta.internal.metals.Docstrings.indexSymbol(Docstrings.scala:104)
	at scala.meta.internal.metals.Docstrings.documentation(Docstrings.scala:44)
	at scala.meta.internal.metals.MetalsSymbolSearch.documentation(MetalsSymbolSearch.scala:42)
	at scala.meta.internal.pc.MetalsGlobal.symbolDocumentation(MetalsGlobal.scala:167)
	at scala.meta.internal.pc.CompletionItemResolver.handleSymbol(CompletionItemResolver.scala:31)
	at scala.meta.internal.pc.CompletionItemResolver.resolve(CompletionItemResolver.scala:24)
	at scala.meta.internal.pc.ScalaPresentationCompiler.$anonfun$completionItemResolve$1(ScalaPresentationCompiler.scala:172)
	at scala.meta.internal.pc.CompilerAccess.withSharedCompiler(CompilerAccess.scala:137)
	at scala.meta.internal.pc.ScalaPresentationCompiler.completionItemResolve(ScalaPresentationCompiler.scala:171)
	at scala.meta.internal.metals.Compilers.$anonfun$completionItemResolve$2(Compilers.scala:258)
	at scala.Option.map(Option.scala:242)
	at scala.meta.internal.metals.Compilers.$anonfun$completionItemResolve$1(Compilers.scala:257)
	at scala.Option.flatMap(Option.scala:283)
	at scala.meta.internal.metals.Compilers.completionItemResolve(Compilers.scala:256)
	at scala.meta.internal.metals.MetalsLanguageServer.$anonfun$completionItemResolve$1(MetalsLanguageServer.scala:1630)
	at scala.meta.internal.metals.CancelTokens$.future(CancelTokens.scala:38)
	at scala.meta.internal.metals.MetalsLanguageServer.completionItemResolve(MetalsLanguageServer.scala:1628)
	at sun.reflect.GeneratedMethodAccessor9.invoke(null)
	at sun.reflect.DelegatingMethodAccessorImpl.invoke(DelegatingMethodAccessorImpl.java:43)
	at java.lang.reflect.Method.invoke(Method.java:498)
	at org.eclipse.lsp4j.jsonrpc.services.GenericEndpoint.lambda$null$0(GenericEndpoint.java:65)
	at org.eclipse.lsp4j.jsonrpc.services.GenericEndpoint.request(GenericEndpoint.java:120)
	at org.eclipse.lsp4j.jsonrpc.RemoteEndpoint.handleRequest(RemoteEndpoint.java:261)
	at org.eclipse.lsp4j.jsonrpc.RemoteEndpoint.consume(RemoteEndpoint.java:190)
	at org.eclipse.lsp4j.jsonrpc.json.StreamMessageProducer.handleMessage(StreamMessageProducer.java:194)
	at org.eclipse.lsp4j.jsonrpc.json.StreamMessageProducer.listen(StreamMessageProducer.java:94)
	at org.eclipse.lsp4j.jsonrpc.json.ConcurrentMessageProcessor.run(ConcurrentMessageProcessor.java:113)
	at java.util.concurrent.Executors$RunnableAdapter.call(Executors.java:511)
	at java.util.concurrent.FutureTask.run(FutureTask.java:266)
	at java.util.concurrent.ThreadPoolExecutor.runWorker(ThreadPoolExecutor.java:1149)
	at java.util.concurrent.ThreadPoolExecutor$Worker.run(ThreadPoolExecutor.java:624)
	at java.lang.Thread.run(Thread.java:748)
[0m
2022.06.13 22:13:46 INFO  compiling root (1 scala source)[0m
2022.06.13 22:13:46 INFO  time: compiled root in 0.55s[0m
2022.06.13 22:14:06 INFO  compiling root (1 scala source)[0m
2022.06.13 22:14:06 INFO  time: compiled root in 0.57s[0m
2022.06.13 22:14:26 ERROR searching for `controllers/TaskListInMemoryModel.` failed
java.nio.file.NoSuchFileException: /home/han/play-taskList/play-scala-seed/app/controllers/TaskListInMemoryModel.scala
	at sun.nio.fs.UnixException.translateToIOException(UnixException.java:86)
	at sun.nio.fs.UnixException.rethrowAsIOException(UnixException.java:102)
	at sun.nio.fs.UnixException.rethrowAsIOException(UnixException.java:107)
	at sun.nio.fs.UnixFileSystemProvider.newByteChannel(UnixFileSystemProvider.java:214)
	at java.nio.file.Files.newByteChannel(Files.java:361)
	at java.nio.file.Files.newByteChannel(Files.java:407)
	at java.nio.file.Files.readAllBytes(Files.java:3152)
	at scala.meta.internal.io.PlatformFileIO$.slurp(PlatformFileIO.scala:45)
	at scala.meta.internal.io.FileIO$.slurp(FileIO.scala:24)
	at scala.meta.internal.mtags.CommonMtagsEnrichments$XtensionAbsolutePath.toInput(CommonMtagsEnrichments.scala:527)
	at scala.meta.internal.mtags.SymbolIndexBucket.addMtagsSourceFile(SymbolIndexBucket.scala:198)
	at scala.meta.internal.mtags.SymbolIndexBucket.$anonfun$query0$1(SymbolIndexBucket.scala:163)
	at scala.meta.internal.mtags.SymbolIndexBucket.$anonfun$query0$1$adapted(SymbolIndexBucket.scala:163)
	at scala.collection.immutable.Set$Set2.foreach(Set.scala:201)
	at scala.meta.internal.mtags.SymbolIndexBucket.query0(SymbolIndexBucket.scala:163)
	at scala.meta.internal.mtags.SymbolIndexBucket.query(SymbolIndexBucket.scala:140)
	at scala.meta.internal.mtags.OnDemandSymbolIndex.$anonfun$findSymbolDefinition$1(OnDemandSymbolIndex.scala:133)
	at scala.collection.immutable.List.flatMap(List.scala:293)
	at scala.meta.internal.mtags.OnDemandSymbolIndex.findSymbolDefinition(OnDemandSymbolIndex.scala:133)
	at scala.meta.internal.mtags.OnDemandSymbolIndex.definition(OnDemandSymbolIndex.scala:44)
	at scala.meta.internal.metals.Docstrings.indexSymbol(Docstrings.scala:104)
	at scala.meta.internal.metals.Docstrings.documentation(Docstrings.scala:44)
	at scala.meta.internal.metals.MetalsSymbolSearch.documentation(MetalsSymbolSearch.scala:42)
	at scala.meta.internal.pc.MetalsGlobal.symbolDocumentation(MetalsGlobal.scala:167)
	at scala.meta.internal.pc.CompletionItemResolver.handleSymbol(CompletionItemResolver.scala:31)
	at scala.meta.internal.pc.CompletionItemResolver.resolve(CompletionItemResolver.scala:24)
	at scala.meta.internal.pc.ScalaPresentationCompiler.$anonfun$completionItemResolve$1(ScalaPresentationCompiler.scala:172)
	at scala.meta.internal.pc.CompilerAccess.withSharedCompiler(CompilerAccess.scala:137)
	at scala.meta.internal.pc.ScalaPresentationCompiler.completionItemResolve(ScalaPresentationCompiler.scala:171)
	at scala.meta.internal.metals.Compilers.$anonfun$completionItemResolve$2(Compilers.scala:258)
	at scala.Option.map(Option.scala:242)
	at scala.meta.internal.metals.Compilers.$anonfun$completionItemResolve$1(Compilers.scala:257)
	at scala.Option.flatMap(Option.scala:283)
	at scala.meta.internal.metals.Compilers.completionItemResolve(Compilers.scala:256)
	at scala.meta.internal.metals.MetalsLanguageServer.$anonfun$completionItemResolve$1(MetalsLanguageServer.scala:1630)
	at scala.meta.internal.metals.CancelTokens$.future(CancelTokens.scala:38)
	at scala.meta.internal.metals.MetalsLanguageServer.completionItemResolve(MetalsLanguageServer.scala:1628)
	at sun.reflect.GeneratedMethodAccessor9.invoke(null)
	at sun.reflect.DelegatingMethodAccessorImpl.invoke(DelegatingMethodAccessorImpl.java:43)
	at java.lang.reflect.Method.invoke(Method.java:498)
	at org.eclipse.lsp4j.jsonrpc.services.GenericEndpoint.lambda$null$0(GenericEndpoint.java:65)
	at org.eclipse.lsp4j.jsonrpc.services.GenericEndpoint.request(GenericEndpoint.java:120)
	at org.eclipse.lsp4j.jsonrpc.RemoteEndpoint.handleRequest(RemoteEndpoint.java:261)
	at org.eclipse.lsp4j.jsonrpc.RemoteEndpoint.consume(RemoteEndpoint.java:190)
	at org.eclipse.lsp4j.jsonrpc.json.StreamMessageProducer.handleMessage(StreamMessageProducer.java:194)
	at org.eclipse.lsp4j.jsonrpc.json.StreamMessageProducer.listen(StreamMessageProducer.java:94)
	at org.eclipse.lsp4j.jsonrpc.json.ConcurrentMessageProcessor.run(ConcurrentMessageProcessor.java:113)
	at java.util.concurrent.Executors$RunnableAdapter.call(Executors.java:511)
	at java.util.concurrent.FutureTask.run(FutureTask.java:266)
	at java.util.concurrent.ThreadPoolExecutor.runWorker(ThreadPoolExecutor.java:1149)
	at java.util.concurrent.ThreadPoolExecutor$Worker.run(ThreadPoolExecutor.java:624)
	at java.lang.Thread.run(Thread.java:748)
[0m
2022.06.13 22:14:31 ERROR searching for `controllers/TaskListInMemoryModel.addTask().` failed
java.nio.file.NoSuchFileException: /home/han/play-taskList/play-scala-seed/app/controllers/TaskListInMemoryModel.scala
	at sun.nio.fs.UnixException.translateToIOException(UnixException.java:86)
	at sun.nio.fs.UnixException.rethrowAsIOException(UnixException.java:102)
	at sun.nio.fs.UnixException.rethrowAsIOException(UnixException.java:107)
	at sun.nio.fs.UnixFileSystemProvider.newByteChannel(UnixFileSystemProvider.java:214)
	at java.nio.file.Files.newByteChannel(Files.java:361)
	at java.nio.file.Files.newByteChannel(Files.java:407)
	at java.nio.file.Files.readAllBytes(Files.java:3152)
	at scala.meta.internal.io.PlatformFileIO$.slurp(PlatformFileIO.scala:45)
	at scala.meta.internal.io.FileIO$.slurp(FileIO.scala:24)
	at scala.meta.internal.mtags.CommonMtagsEnrichments$XtensionAbsolutePath.toInput(CommonMtagsEnrichments.scala:527)
	at scala.meta.internal.mtags.SymbolIndexBucket.addMtagsSourceFile(SymbolIndexBucket.scala:198)
	at scala.meta.internal.mtags.SymbolIndexBucket.$anonfun$query0$1(SymbolIndexBucket.scala:163)
	at scala.meta.internal.mtags.SymbolIndexBucket.$anonfun$query0$1$adapted(SymbolIndexBucket.scala:163)
	at scala.collection.immutable.Set$Set2.foreach(Set.scala:201)
	at scala.meta.internal.mtags.SymbolIndexBucket.query0(SymbolIndexBucket.scala:163)
	at scala.meta.internal.mtags.SymbolIndexBucket.query(SymbolIndexBucket.scala:140)
	at scala.meta.internal.mtags.OnDemandSymbolIndex.$anonfun$findSymbolDefinition$1(OnDemandSymbolIndex.scala:133)
	at scala.collection.immutable.List.flatMap(List.scala:293)
	at scala.meta.internal.mtags.OnDemandSymbolIndex.findSymbolDefinition(OnDemandSymbolIndex.scala:133)
	at scala.meta.internal.mtags.OnDemandSymbolIndex.definition(OnDemandSymbolIndex.scala:44)
	at scala.meta.internal.metals.Docstrings.indexSymbol(Docstrings.scala:104)
	at scala.meta.internal.metals.Docstrings.documentation(Docstrings.scala:44)
	at scala.meta.internal.metals.MetalsSymbolSearch.documentation(MetalsSymbolSearch.scala:42)
	at scala.meta.internal.pc.MetalsGlobal.symbolDocumentation(MetalsGlobal.scala:167)
	at scala.meta.internal.pc.CompletionItemResolver.handleSymbol(CompletionItemResolver.scala:31)
	at scala.meta.internal.pc.CompletionItemResolver.resolve(CompletionItemResolver.scala:24)
	at scala.meta.internal.pc.ScalaPresentationCompiler.$anonfun$completionItemResolve$1(ScalaPresentationCompiler.scala:172)
	at scala.meta.internal.pc.CompilerAccess.withSharedCompiler(CompilerAccess.scala:137)
	at scala.meta.internal.pc.ScalaPresentationCompiler.completionItemResolve(ScalaPresentationCompiler.scala:171)
	at scala.meta.internal.metals.Compilers.$anonfun$completionItemResolve$2(Compilers.scala:258)
	at scala.Option.map(Option.scala:242)
	at scala.meta.internal.metals.Compilers.$anonfun$completionItemResolve$1(Compilers.scala:257)
	at scala.Option.flatMap(Option.scala:283)
	at scala.meta.internal.metals.Compilers.completionItemResolve(Compilers.scala:256)
	at scala.meta.internal.metals.MetalsLanguageServer.$anonfun$completionItemResolve$1(MetalsLanguageServer.scala:1630)
	at scala.meta.internal.metals.CancelTokens$.future(CancelTokens.scala:38)
	at scala.meta.internal.metals.MetalsLanguageServer.completionItemResolve(MetalsLanguageServer.scala:1628)
	at sun.reflect.GeneratedMethodAccessor9.invoke(null)
	at sun.reflect.DelegatingMethodAccessorImpl.invoke(DelegatingMethodAccessorImpl.java:43)
	at java.lang.reflect.Method.invoke(Method.java:498)
	at org.eclipse.lsp4j.jsonrpc.services.GenericEndpoint.lambda$null$0(GenericEndpoint.java:65)
	at org.eclipse.lsp4j.jsonrpc.services.GenericEndpoint.request(GenericEndpoint.java:120)
	at org.eclipse.lsp4j.jsonrpc.RemoteEndpoint.handleRequest(RemoteEndpoint.java:261)
	at org.eclipse.lsp4j.jsonrpc.RemoteEndpoint.consume(RemoteEndpoint.java:190)
	at org.eclipse.lsp4j.jsonrpc.json.StreamMessageProducer.handleMessage(StreamMessageProducer.java:194)
	at org.eclipse.lsp4j.jsonrpc.json.StreamMessageProducer.listen(StreamMessageProducer.java:94)
	at org.eclipse.lsp4j.jsonrpc.json.ConcurrentMessageProcessor.run(ConcurrentMessageProcessor.java:113)
	at java.util.concurrent.Executors$RunnableAdapter.call(Executors.java:511)
	at java.util.concurrent.FutureTask.run(FutureTask.java:266)
	at java.util.concurrent.ThreadPoolExecutor.runWorker(ThreadPoolExecutor.java:1149)
	at java.util.concurrent.ThreadPoolExecutor$Worker.run(ThreadPoolExecutor.java:624)
	at java.lang.Thread.run(Thread.java:748)
[0m
2022.06.13 22:14:31 ERROR searching for `controllers/TaskListInMemoryModel.validateUser().` failed
java.nio.file.NoSuchFileException: /home/han/play-taskList/play-scala-seed/app/controllers/TaskListInMemoryModel.scala
	at sun.nio.fs.UnixException.translateToIOException(UnixException.java:86)
	at sun.nio.fs.UnixException.rethrowAsIOException(UnixException.java:102)
	at sun.nio.fs.UnixException.rethrowAsIOException(UnixException.java:107)
	at sun.nio.fs.UnixFileSystemProvider.newByteChannel(UnixFileSystemProvider.java:214)
	at java.nio.file.Files.newByteChannel(Files.java:361)
	at java.nio.file.Files.newByteChannel(Files.java:407)
	at java.nio.file.Files.readAllBytes(Files.java:3152)
	at scala.meta.internal.io.PlatformFileIO$.slurp(PlatformFileIO.scala:45)
	at scala.meta.internal.io.FileIO$.slurp(FileIO.scala:24)
	at scala.meta.internal.mtags.CommonMtagsEnrichments$XtensionAbsolutePath.toInput(CommonMtagsEnrichments.scala:527)
	at scala.meta.internal.mtags.SymbolIndexBucket.addMtagsSourceFile(SymbolIndexBucket.scala:198)
	at scala.meta.internal.mtags.SymbolIndexBucket.$anonfun$query0$1(SymbolIndexBucket.scala:163)
	at scala.meta.internal.mtags.SymbolIndexBucket.$anonfun$query0$1$adapted(SymbolIndexBucket.scala:163)
	at scala.collection.immutable.Set$Set2.foreach(Set.scala:201)
	at scala.meta.internal.mtags.SymbolIndexBucket.query0(SymbolIndexBucket.scala:163)
	at scala.meta.internal.mtags.SymbolIndexBucket.query(SymbolIndexBucket.scala:140)
	at scala.meta.internal.mtags.OnDemandSymbolIndex.$anonfun$findSymbolDefinition$1(OnDemandSymbolIndex.scala:133)
	at scala.collection.immutable.List.flatMap(List.scala:293)
	at scala.meta.internal.mtags.OnDemandSymbolIndex.findSymbolDefinition(OnDemandSymbolIndex.scala:133)
	at scala.meta.internal.mtags.OnDemandSymbolIndex.definition(OnDemandSymbolIndex.scala:44)
	at scala.meta.internal.metals.Docstrings.indexSymbol(Docstrings.scala:104)
	at scala.meta.internal.metals.Docstrings.documentation(Docstrings.scala:44)
	at scala.meta.internal.metals.MetalsSymbolSearch.documentation(MetalsSymbolSearch.scala:42)
	at scala.meta.internal.pc.MetalsGlobal.symbolDocumentation(MetalsGlobal.scala:167)
	at scala.meta.internal.pc.CompletionItemResolver.handleSymbol(CompletionItemResolver.scala:31)
	at scala.meta.internal.pc.CompletionItemResolver.resolve(CompletionItemResolver.scala:24)
	at scala.meta.internal.pc.ScalaPresentationCompiler.$anonfun$completionItemResolve$1(ScalaPresentationCompiler.scala:172)
	at scala.meta.internal.pc.CompilerAccess.withSharedCompiler(CompilerAccess.scala:137)
	at scala.meta.internal.pc.ScalaPresentationCompiler.completionItemResolve(ScalaPresentationCompiler.scala:171)
	at scala.meta.internal.metals.Compilers.$anonfun$completionItemResolve$2(Compilers.scala:258)
	at scala.Option.map(Option.scala:242)
	at scala.meta.internal.metals.Compilers.$anonfun$completionItemResolve$1(Compilers.scala:257)
	at scala.Option.flatMap(Option.scala:283)
	at scala.meta.internal.metals.Compilers.completionItemResolve(Compilers.scala:256)
	at scala.meta.internal.metals.MetalsLanguageServer.$anonfun$completionItemResolve$1(MetalsLanguageServer.scala:1630)
	at scala.meta.internal.metals.CancelTokens$.future(CancelTokens.scala:38)
	at scala.meta.internal.metals.MetalsLanguageServer.completionItemResolve(MetalsLanguageServer.scala:1628)
	at sun.reflect.GeneratedMethodAccessor9.invoke(null)
	at sun.reflect.DelegatingMethodAccessorImpl.invoke(DelegatingMethodAccessorImpl.java:43)
	at java.lang.reflect.Method.invoke(Method.java:498)
	at org.eclipse.lsp4j.jsonrpc.services.GenericEndpoint.lambda$null$0(GenericEndpoint.java:65)
	at org.eclipse.lsp4j.jsonrpc.services.GenericEndpoint.request(GenericEndpoint.java:120)
	at org.eclipse.lsp4j.jsonrpc.RemoteEndpoint.handleRequest(RemoteEndpoint.java:261)
	at org.eclipse.lsp4j.jsonrpc.RemoteEndpoint.consume(RemoteEndpoint.java:190)
	at org.eclipse.lsp4j.jsonrpc.json.StreamMessageProducer.handleMessage(StreamMessageProducer.java:194)
	at org.eclipse.lsp4j.jsonrpc.json.StreamMessageProducer.listen(StreamMessageProducer.java:94)
	at org.eclipse.lsp4j.jsonrpc.json.ConcurrentMessageProcessor.run(ConcurrentMessageProcessor.java:113)
	at java.util.concurrent.Executors$RunnableAdapter.call(Executors.java:511)
	at java.util.concurrent.FutureTask.run(FutureTask.java:266)
	at java.util.concurrent.ThreadPoolExecutor.runWorker(ThreadPoolExecutor.java:1149)
	at java.util.concurrent.ThreadPoolExecutor$Worker.run(ThreadPoolExecutor.java:624)
	at java.lang.Thread.run(Thread.java:748)
[0m
2022.06.13 22:14:38 INFO  compiling root (1 scala source)[0m
2022.06.13 22:14:38 INFO  time: compiled root in 0.1s[0m
2022.06.13 22:14:51 INFO  compiling root (1 scala source)[0m
2022.06.13 22:14:51 INFO  time: compiled root in 0.11s[0m
2022.06.13 22:15:00 INFO  compiling root (1 scala source)[0m
2022.06.13 22:15:00 INFO  time: compiled root in 0.62s[0m
2022.06.13 22:15:18 INFO  compiling root (1 scala source)[0m
2022.06.13 22:15:18 INFO  time: compiled root in 0.6s[0m
2022.06.13 22:16:18 INFO  compiling root (1 scala source)[0m
2022.06.13 22:16:18 INFO  time: compiled root in 0.59s[0m
Jun 13, 2022 10:59:01 PM org.eclipse.lsp4j.jsonrpc.services.GenericEndpoint notify
INFO: Unsupported notification method: $/setTrace
